<?xml version="1.0" encoding="UTF-8"?>
<!-- Generated by org.testng.reporters.JUnitXMLReporter -->
<testsuite hostname="DESKTOP-39UJIFT" ignored="0" name="facebook login Test(failed)" tests="1" failures="1" timestamp="25 Jun 2020 14:18:24 GMT" time="0.026" errors="0">
  <testcase name="FBloginTest" time="0.0" classname="com.testng.ParametersTest">
    <failure type="org.testng.TestNGException" message="
Method FBloginTest requires 5 parameters but 4 were supplied in the @Test annotation.">
      <![CDATA[org.testng.TestNGException: 
Method FBloginTest requires 5 parameters but 4 were supplied in the @Test annotation.
... Removed 24 stack frames]]>
    </failure>
  </testcase> <!-- FBloginTest -->
</testsuite> <!-- facebook login Test(failed) -->
